[1m=========================================================================================== test session starts ===========================================================================================[0m
platform linux -- Python 3.10.12, pytest-8.3.2, pluggy-1.5.0
rootdir: /home/jannik/Arbor_Network_GitLab_Repository
plugins: cov-5.0.0, reportlog-0.4.0
[1mcollecting ... [0m[1mcollected 43 items                                                                                                                                                                                        [0m

test_arborNetworkConsolidation.py [32m.[0m[32m.[0m[32m.[0m[32m.[0m[32m.[0m[32m.[0m[32m.[0m[32m.[0m[32m.[0m[32m.[0m[32m.[0m[32m.[0m[32m.[0m[32m.[0m[32m.[0m[32m.[0m[32m.[0m[32m.[0m[32m.[0m[32m.[0m[32m.[0m[32m.[0m[32m.[0m[32m.[0m[32m.[0m[32m.[0m[32m.[0m[32m.[0m[32m.[0m[32m.[0m[32m.[0m[32m.[0m[32m.[0m[32m.[0m[32m.[0m[32m.[0m[32m.[0m[32m.[0m[32m.[0m[32m.[0m[32m.[0m[32m.[0m[32m.[0m[32m                                                                                                                       [100%][0m

[32m===================================================================================== [32m[1m43 passed[0m[32m in 6354.06s (1:45:54)[0m[32m =====================================================================================[0m
